<?xml version="1.0" encoding="UTF-8"?>
<!-- Generated by org.testng.reporters.JUnitXMLReporter -->
<testsuite hostname="MHYD16BA70EF" ignored="6" name="Surefire test" tests="8" failures="0" timestamp="2021-12-11T15:54:42 IST" time="40.682" errors="0">
  <testcase name="verifyRegistration" time="3.429" classname="Tests.A_LoginTest"/>
  <testcase name="verifyLoginToApplication" time="4.315" classname="Tests.A_LoginTest"/>
  <testcase name="verifyDirectGlobalSearch" time="2.309" classname="Tests.B_ProductsTest"/>
  <testcase name="verifySearchCriteriaIncludingDescription" time="11.094" classname="Tests.B_ProductsTest"/>
  <testcase name="verifySearchCriteriaInLaptopCategory" time="2.092" classname="Tests.B_ProductsTest"/>
  <testcase name="verifySearchCriteriaIncludingSubCategories" time="1.865" classname="Tests.B_ProductsTest"/>
  <testcase name="addDifferentProductsToCart" time="10.917" classname="Tests.B_ProductsTest"/>
  <testcase name="verifyCheckout" time="4.638" classname="Tests.C_CheckoutTest"/>
  <testcase name="@BeforeSuite setupTest" time="0.0" classname="Base.BaseTest">
    <ignored/>
  </testcase> <!-- @BeforeSuite setupTest -->
  <testcase name="@BeforeSuite setupTest" time="0.0" classname="Base.BaseTest">
    <ignored/>
  </testcase> <!-- @BeforeSuite setupTest -->
  <testcase name="@BeforeSuite setupTest" time="0.0" classname="Base.BaseTest">
    <ignored/>
  </testcase> <!-- @BeforeSuite setupTest -->
  <testcase name="@AfterSuite tearDown" time="0.0" classname="Base.BaseTest">
    <ignored/>
  </testcase> <!-- @AfterSuite tearDown -->
  <testcase name="@AfterSuite tearDown" time="0.0" classname="Base.BaseTest">
    <ignored/>
  </testcase> <!-- @AfterSuite tearDown -->
  <testcase name="@AfterSuite tearDown" time="0.0" classname="Base.BaseTest">
    <ignored/>
  </testcase> <!-- @AfterSuite tearDown -->
</testsuite> <!-- Surefire test -->
