<?xml version="1.0" encoding="UTF-8"?>
<!-- Generated by org.testng.reporters.JUnitXMLReporter -->
<testsuite ignored="6" hostname="MHYD16BA70EF" failures="0" tests="8" name="Default test" time="31.168" errors="0" timestamp="2021-12-11T15:35:38 IST">
  <testcase classname="Tests.LoginTest" name="verifyRegistration" time="3.462"/>
  <testcase classname="Tests.LoginTest" name="verifyLoginToApplication" time="4.03"/>
  <testcase classname="Tests.ProductsTest" name="verifyDirectGlobalSearch" time="2.067"/>
  <testcase classname="Tests.ProductsTest" name="verifySearchCriteriaIncludingDescription" time="2.146"/>
  <testcase classname="Tests.ProductsTest" name="verifySearchCriteriaInLaptopCategory" time="2.106"/>
  <testcase classname="Tests.ProductsTest" name="verifySearchCriteriaIncludingSubCategories" time="2.185"/>
  <testcase classname="Tests.ProductsTest" name="addDifferentProductsToCart" time="10.697"/>
  <testcase classname="Tests.CheckoutTest" name="verifyCheckout" time="4.445"/>
  <testcase classname="Tests.BaseTest" name="@BeforeSuite setupTest" time="0.0">
    <ignored/>
  </testcase> <!-- @BeforeSuite setupTest -->
  <testcase classname="Tests.BaseTest" name="@BeforeSuite setupTest" time="0.0">
    <ignored/>
  </testcase> <!-- @BeforeSuite setupTest -->
  <testcase classname="Tests.BaseTest" name="@BeforeSuite setupTest" time="0.0">
    <ignored/>
  </testcase> <!-- @BeforeSuite setupTest -->
  <testcase classname="Tests.BaseTest" name="@AfterSuite tearDown" time="0.0">
    <ignored/>
  </testcase> <!-- @AfterSuite tearDown -->
  <testcase classname="Tests.BaseTest" name="@AfterSuite tearDown" time="0.0">
    <ignored/>
  </testcase> <!-- @AfterSuite tearDown -->
  <testcase classname="Tests.BaseTest" name="@AfterSuite tearDown" time="0.0">
    <ignored/>
  </testcase> <!-- @AfterSuite tearDown -->
</testsuite> <!-- Default test -->
