<?xml version="1.0" encoding="UTF-8"?>
<!-- Generated by org.testng.reporters.JUnitXMLReporter -->
<testsuite ignored="4" hostname="MHYD16BA70EF" failures="0" tests="8" name="Test" time="30.249" errors="0" timestamp="2021-12-11T15:48:50 IST">
  <testcase classname="Tests.A_LoginTest" name="verifyRegistration" time="3.472"/>
  <testcase classname="Tests.A_LoginTest" name="verifyLoginToApplication" time="4.466"/>
  <testcase classname="Tests.B_ProductsTest" name="verifyDirectGlobalSearch" time="1.775"/>
  <testcase classname="Tests.B_ProductsTest" name="verifySearchCriteriaIncludingDescription" time="1.726"/>
  <testcase classname="Tests.B_ProductsTest" name="verifySearchCriteriaInLaptopCategory" time="2.092"/>
  <testcase classname="Tests.B_ProductsTest" name="verifySearchCriteriaIncludingSubCategories" time="2.038"/>
  <testcase classname="Tests.B_ProductsTest" name="addDifferentProductsToCart" time="10.376"/>
  <testcase classname="Tests.C_CheckoutTest" name="verifyCheckout" time="4.276"/>
  <testcase classname="Base.BaseTest" name="@BeforeSuite setupTest" time="0.0">
    <ignored/>
  </testcase> <!-- @BeforeSuite setupTest -->
  <testcase classname="Base.BaseTest" name="@BeforeSuite setupTest" time="0.0">
    <ignored/>
  </testcase> <!-- @BeforeSuite setupTest -->
  <testcase classname="Base.BaseTest" name="@AfterSuite tearDown" time="0.0">
    <ignored/>
  </testcase> <!-- @AfterSuite tearDown -->
  <testcase classname="Base.BaseTest" name="@AfterSuite tearDown" time="0.0">
    <ignored/>
  </testcase> <!-- @AfterSuite tearDown -->
</testsuite> <!-- Test -->
