<?xml version="1.0" encoding="UTF-8"?>
<testsuite xmlns:xsi="http://www.w3.org/2001/XMLSchema-instance" xsi:noNamespaceSchemaLocation="https://maven.apache.org/surefire/maven-surefire-plugin/xsd/surefire-test-report.xsd" name="TestSuite" time="52.597" tests="8" errors="0" skipped="0" failures="0">
  <properties>
[...]
</properties>
  <testcase name="verifyRegistration" classname="Tests.A_LoginTest" time="3.429"/>
  <testcase name="verifyLoginToApplication" classname="Tests.A_LoginTest" time="4.315"/>
  <testcase name="verifyDirectGlobalSearch" classname="Tests.B_ProductsTest" time="2.31"/>
  <testcase name="verifySearchCriteriaIncludingDescription" classname="Tests.B_ProductsTest" time="11.094"/>
  <testcase name="verifySearchCriteriaInLaptopCategory" classname="Tests.B_ProductsTest" time="2.092"/>
  <testcase name="verifySearchCriteriaIncludingSubCategories" classname="Tests.B_ProductsTest" time="1.864"/>
  <testcase name="addDifferentProductsToCart" classname="Tests.B_ProductsTest" time="10.917"/>
  <testcase name="verifyCheckout" classname="Tests.C_CheckoutTest" time="4.638"/>
</testsuite>