<?xml version="1.0" encoding="UTF-8"?>
<testng-results skipped="0" failed="0" ignored="6" total="14" passed="8">
  <reporter-output>
  </reporter-output>
  <suite name="Surefire suite" duration-ms="40682" started-at="2021-12-11T15:53:56 IST" finished-at="2021-12-11T15:54:37 IST">
    <groups>
    </groups>
    <test name="Surefire test" duration-ms="40682" started-at="2021-12-11T15:53:56 IST" finished-at="2021-12-11T15:54:37 IST">
      <class name="Tests.B_ProductsTest">
        <test-method status="PASS" signature="verifyDirectGlobalSearch()[pri:0, instance:Tests.B_ProductsTest@65e2dbf3]" name="verifyDirectGlobalSearch" duration-ms="2309" started-at="2021-12-11T15:54:04 IST" finished-at="2021-12-11T15:54:06 IST">
          <reporter-output>
          </reporter-output>
        </test-method> <!-- verifyDirectGlobalSearch -->
        <test-method status="PASS" signature="verifySearchCriteriaIncludingDescription()[pri:1, instance:Tests.B_ProductsTest@65e2dbf3]" name="verifySearchCriteriaIncludingDescription" duration-ms="11094" started-at="2021-12-11T15:54:06 IST" finished-at="2021-12-11T15:54:17 IST">
          <reporter-output>
          </reporter-output>
        </test-method> <!-- verifySearchCriteriaIncludingDescription -->
        <test-method status="PASS" signature="verifySearchCriteriaInLaptopCategory()[pri:2, instance:Tests.B_ProductsTest@65e2dbf3]" name="verifySearchCriteriaInLaptopCategory" duration-ms="2092" started-at="2021-12-11T15:54:17 IST" finished-at="2021-12-11T15:54:19 IST">
          <reporter-output>
          </reporter-output>
        </test-method> <!-- verifySearchCriteriaInLaptopCategory -->
        <test-method status="PASS" signature="verifySearchCriteriaIncludingSubCategories()[pri:3, instance:Tests.B_ProductsTest@65e2dbf3]" name="verifySearchCriteriaIncludingSubCategories" duration-ms="1865" started-at="2021-12-11T15:54:19 IST" finished-at="2021-12-11T15:54:21 IST">
          <reporter-output>
          </reporter-output>
        </test-method> <!-- verifySearchCriteriaIncludingSubCategories -->
        <test-method status="PASS" signature="addDifferentProductsToCart()[pri:4, instance:Tests.B_ProductsTest@65e2dbf3]" name="addDifferentProductsToCart" duration-ms="10917" started-at="2021-12-11T15:54:21 IST" finished-at="2021-12-11T15:54:32 IST">
          <reporter-output>
          </reporter-output>
        </test-method> <!-- addDifferentProductsToCart -->
      </class> <!-- Tests.B_ProductsTest -->
      <class name="Base.BaseTest">
        <test-method status="PASS" signature="setupTest()[pri:0, instance:Base.BaseTest@67784306]" name="setupTest" is-config="true" duration-ms="5233" started-at="2021-12-11T15:53:51 IST" finished-at="2021-12-11T15:53:56 IST">
          <reporter-output>
          </reporter-output>
        </test-method> <!-- setupTest -->
        <test-method status="PASS" signature="tearDown()[pri:0, instance:Base.BaseTest@67784306]" name="tearDown" is-config="true" duration-ms="247" started-at="2021-12-11T15:54:42 IST" finished-at="2021-12-11T15:54:42 IST">
          <reporter-output>
          </reporter-output>
        </test-method> <!-- tearDown -->
      </class> <!-- Base.BaseTest -->
      <class name="Tests.A_LoginTest">
        <test-method status="PASS" signature="verifyRegistration()[pri:0, instance:Tests.A_LoginTest@2b9627bc]" name="verifyRegistration" duration-ms="3429" started-at="2021-12-11T15:53:56 IST" finished-at="2021-12-11T15:53:59 IST">
          <reporter-output>
          </reporter-output>
        </test-method> <!-- verifyRegistration -->
        <test-method status="PASS" signature="verifyLoginToApplication()[pri:1, instance:Tests.A_LoginTest@2b9627bc]" name="verifyLoginToApplication" duration-ms="4315" started-at="2021-12-11T15:53:59 IST" finished-at="2021-12-11T15:54:04 IST">
          <reporter-output>
          </reporter-output>
        </test-method> <!-- verifyLoginToApplication -->
      </class> <!-- Tests.A_LoginTest -->
      <class name="Tests.C_CheckoutTest">
        <test-method status="PASS" signature="verifyCheckout()[pri:1, instance:Tests.C_CheckoutTest@61f8bee4]" name="verifyCheckout" duration-ms="4638" started-at="2021-12-11T15:54:32 IST" finished-at="2021-12-11T15:54:37 IST">
          <reporter-output>
          </reporter-output>
        </test-method> <!-- verifyCheckout -->
      </class> <!-- Tests.C_CheckoutTest -->
    </test> <!-- Surefire test -->
  </suite> <!-- Surefire suite -->
</testng-results>
