<?xml version="1.0" encoding="UTF-8"?>
<testng-results ignored="4" total="12" passed="8" failed="0" skipped="0">
  <reporter-output>
  </reporter-output>
  <suite started-at="2021-12-11T15:48:19 IST" name="Ecommerse Test Suite" finished-at="2021-12-11T15:48:50 IST" duration-ms="30249">
    <groups>
    </groups>
    <test started-at="2021-12-11T15:48:19 IST" name="Test" finished-at="2021-12-11T15:48:50 IST" duration-ms="30249">
      <class name="Tests.B_ProductsTest">
        <test-method signature="verifyDirectGlobalSearch()[pri:0, instance:Tests.B_ProductsTest@437da279]" started-at="2021-12-11T15:48:27 IST" name="verifyDirectGlobalSearch" finished-at="2021-12-11T15:48:29 IST" duration-ms="1775" status="PASS">
          <reporter-output>
          </reporter-output>
        </test-method> <!-- verifyDirectGlobalSearch -->
        <test-method signature="verifySearchCriteriaIncludingDescription()[pri:1, instance:Tests.B_ProductsTest@437da279]" started-at="2021-12-11T15:48:29 IST" name="verifySearchCriteriaIncludingDescription" finished-at="2021-12-11T15:48:31 IST" duration-ms="1726" status="PASS">
          <reporter-output>
          </reporter-output>
        </test-method> <!-- verifySearchCriteriaIncludingDescription -->
        <test-method signature="verifySearchCriteriaInLaptopCategory()[pri:2, instance:Tests.B_ProductsTest@437da279]" started-at="2021-12-11T15:48:31 IST" name="verifySearchCriteriaInLaptopCategory" finished-at="2021-12-11T15:48:33 IST" duration-ms="2092" status="PASS">
          <reporter-output>
          </reporter-output>
        </test-method> <!-- verifySearchCriteriaInLaptopCategory -->
        <test-method signature="verifySearchCriteriaIncludingSubCategories()[pri:3, instance:Tests.B_ProductsTest@437da279]" started-at="2021-12-11T15:48:33 IST" name="verifySearchCriteriaIncludingSubCategories" finished-at="2021-12-11T15:48:35 IST" duration-ms="2038" status="PASS">
          <reporter-output>
          </reporter-output>
        </test-method> <!-- verifySearchCriteriaIncludingSubCategories -->
        <test-method signature="addDifferentProductsToCart()[pri:4, instance:Tests.B_ProductsTest@437da279]" started-at="2021-12-11T15:48:35 IST" name="addDifferentProductsToCart" finished-at="2021-12-11T15:48:45 IST" duration-ms="10376" status="PASS">
          <reporter-output>
          </reporter-output>
        </test-method> <!-- addDifferentProductsToCart -->
      </class> <!-- Tests.B_ProductsTest -->
      <class name="Tests.A_LoginTest">
        <test-method is-config="true" signature="setupTest()[pri:0, instance:Tests.A_LoginTest@32502377]" started-at="2021-12-11T15:48:14 IST" name="setupTest" finished-at="2021-12-11T15:48:19 IST" duration-ms="4870" status="PASS">
          <reporter-output>
          </reporter-output>
        </test-method> <!-- setupTest -->
        <test-method signature="verifyRegistration()[pri:0, instance:Tests.A_LoginTest@32502377]" started-at="2021-12-11T15:48:19 IST" name="verifyRegistration" finished-at="2021-12-11T15:48:23 IST" duration-ms="3472" status="PASS">
          <reporter-output>
          </reporter-output>
        </test-method> <!-- verifyRegistration -->
        <test-method signature="verifyLoginToApplication()[pri:1, instance:Tests.A_LoginTest@32502377]" started-at="2021-12-11T15:48:23 IST" name="verifyLoginToApplication" finished-at="2021-12-11T15:48:27 IST" duration-ms="4466" status="PASS">
          <reporter-output>
          </reporter-output>
        </test-method> <!-- verifyLoginToApplication -->
        <test-method is-config="true" signature="tearDown()[pri:0, instance:Tests.A_LoginTest@32502377]" started-at="2021-12-11T15:48:50 IST" name="tearDown" finished-at="2021-12-11T15:48:50 IST" duration-ms="220" status="PASS">
          <reporter-output>
          </reporter-output>
        </test-method> <!-- tearDown -->
      </class> <!-- Tests.A_LoginTest -->
      <class name="Tests.C_CheckoutTest">
        <test-method signature="verifyCheckout()[pri:1, instance:Tests.C_CheckoutTest@3cebbb30]" started-at="2021-12-11T15:48:45 IST" name="verifyCheckout" finished-at="2021-12-11T15:48:50 IST" duration-ms="4276" status="PASS">
          <reporter-output>
          </reporter-output>
        </test-method> <!-- verifyCheckout -->
      </class> <!-- Tests.C_CheckoutTest -->
    </test> <!-- Test -->
  </suite> <!-- Ecommerse Test Suite -->
</testng-results>
